1663692084932	geckodriver	INFO	Listening on 127.0.0.1:62847
1663692085068	mozrunner::runner	INFO	Running command: "/Applications/Firefox.app/Contents/MacOS/firefox-bin" "--marionette" "--remote-debugging-port" "62848" "--remote-allow-hosts" "localhost" "-foreground" "-no-remote" "-profile" "/var/folders/cc/fr94t99j37zdwxmkjbwq0bdh0000gn/T/rust_mozprofileEVafP4"
1663692086307	addons.webextension.screenshots@mozilla.org	WARN	Loading extension 'screenshots@mozilla.org': Reading manifest: Invalid extension permission: mozillaAddons
1663692086307	addons.webextension.screenshots@mozilla.org	WARN	Loading extension 'screenshots@mozilla.org': Reading manifest: Invalid extension permission: telemetry
1663692086308	addons.webextension.screenshots@mozilla.org	WARN	Loading extension 'screenshots@mozilla.org': Reading manifest: Invalid extension permission: resource://pdf.js/
1663692086308	addons.webextension.screenshots@mozilla.org	WARN	Loading extension 'screenshots@mozilla.org': Reading manifest: Invalid extension permission: about:reader*
[GFX1-]: [OPENGL] Failed to init compositor with reason: FEATURE_FAILURE_OPENGL_CREATE_CONTEXT
JavaScript error: chrome://remote/content/RemoteAgent.jsm, line 37: Error: Remote agent is disabled by its preference
1663692091121	Marionette	INFO	Listening on port 62855
1663692091173	Marionette	WARN	TLS certificate errors will be ignored for this session
JavaScript error: resource://gre/modules/XULStore.jsm, line 66: Error: Can't find profile directory.
1663692524254	geckodriver	INFO	Listening on 127.0.0.1:62946
1663692524612	mozrunner::runner	INFO	Running command: "/Applications/Firefox.app/Contents/MacOS/firefox-bin" "--marionette" "--remote-debugging-port" "62947" "--remote-allow-hosts" "localhost" "-foreground" "-no-remote" "-profile" "/var/folders/cc/fr94t99j37zdwxmkjbwq0bdh0000gn/T/rust_mozprofileVpYWI4"
1663692525467	addons.webextension.screenshots@mozilla.org	WARN	Loading extension 'screenshots@mozilla.org': Reading manifest: Invalid extension permission: mozillaAddons
1663692525467	addons.webextension.screenshots@mozilla.org	WARN	Loading extension 'screenshots@mozilla.org': Reading manifest: Invalid extension permission: telemetry
1663692525467	addons.webextension.screenshots@mozilla.org	WARN	Loading extension 'screenshots@mozilla.org': Reading manifest: Invalid extension permission: resource://pdf.js/
1663692525467	addons.webextension.screenshots@mozilla.org	WARN	Loading extension 'screenshots@mozilla.org': Reading manifest: Invalid extension permission: about:reader*
[GFX1-]: [OPENGL] Failed to init compositor with reason: FEATURE_FAILURE_OPENGL_CREATE_CONTEXT
JavaScript error: chrome://remote/content/RemoteAgent.jsm, line 37: Error: Remote agent is disabled by its preference
1663692529546	Marionette	INFO	Listening on port 62954
1663692529614	Marionette	WARN	TLS certificate errors will be ignored for this session
JavaScript error: resource://gre/modules/XULStore.jsm, line 66: Error: Can't find profile directory.
1663692551366	geckodriver	INFO	Listening on 127.0.0.1:63019
1663692551623	mozrunner::runner	INFO	Running command: "/Applications/Firefox.app/Contents/MacOS/firefox-bin" "--marionette" "--remote-debugging-port" "63020" "--remote-allow-hosts" "localhost" "-foreground" "-no-remote" "-profile" "/var/folders/cc/fr94t99j37zdwxmkjbwq0bdh0000gn/T/rust_mozprofileUXrNFG"
1663692552983	addons.webextension.screenshots@mozilla.org	WARN	Loading extension 'screenshots@mozilla.org': Reading manifest: Invalid extension permission: mozillaAddons
1663692552983	addons.webextension.screenshots@mozilla.org	WARN	Loading extension 'screenshots@mozilla.org': Reading manifest: Invalid extension permission: telemetry
1663692552984	addons.webextension.screenshots@mozilla.org	WARN	Loading extension 'screenshots@mozilla.org': Reading manifest: Invalid extension permission: resource://pdf.js/
1663692552984	addons.webextension.screenshots@mozilla.org	WARN	Loading extension 'screenshots@mozilla.org': Reading manifest: Invalid extension permission: about:reader*
[GFX1-]: [OPENGL] Failed to init compositor with reason: FEATURE_FAILURE_OPENGL_CREATE_CONTEXT
JavaScript error: chrome://remote/content/RemoteAgent.jsm, line 37: Error: Remote agent is disabled by its preference
1663692557241	Marionette	INFO	Listening on port 63027
1663692557338	Marionette	WARN	TLS certificate errors will be ignored for this session
JavaScript error: resource://gre/modules/XULStore.jsm, line 66: Error: Can't find profile directory.
1663692581870	Marionette	INFO	Stopped listening on port 62855
1663692585903	Marionette	INFO	Stopped listening on port 62954
1663692587912	Marionette	INFO	Stopped listening on port 63027
